0 info it worked if it ends with ok
1 verbose cli [ 'C:\\Program Files (x86)\\nodejs\\\\node.exe',
1 verbose cli   'C:\\Program Files (x86)\\nodejs\\node_modules\\npm\\bin\\npm-cli.js',
1 verbose cli   'install',
1 verbose cli   'hiredis',
1 verbose cli   'redis' ]
2 info using npm@1.1.49
3 info using node@v0.8.7
4 verbose node symlink C:\Program Files (x86)\nodejs\\node.exe
5 verbose read json C:\Users\theGevil\Desktop\rote\rote\package.json
6 verbose read json C:\Users\theGevil\Desktop\rote\rote\node_modules\redis\package.json
7 verbose read json C:\Users\theGevil\Desktop\rote\rote\node_modules\socket.io\package.json
8 verbose from cache C:\Users\theGevil\Desktop\rote\rote\package.json
9 verbose readDependencies using package.json deps
10 verbose cache add [ 'hiredis', null ]
11 silly cache add name=undefined spec="hiredis" args=["hiredis",null]
12 verbose parsed url { pathname: 'hiredis', path: 'hiredis', href: 'hiredis' }
13 verbose cache add [ 'redis', null ]
14 silly cache add name=undefined spec="redis" args=["redis",null]
15 verbose parsed url { pathname: 'redis', path: 'redis', href: 'redis' }
16 silly lockFile 66e3de35-hiredis hiredis
17 verbose lock hiredis C:\Users\theGevil\AppData\Roaming\npm-cache\66e3de35-hiredis.lock
18 silly lockFile b840fc02-redis redis
19 verbose lock redis C:\Users\theGevil\AppData\Roaming\npm-cache\b840fc02-redis.lock
20 silly lockFile 66e3de35-hiredis hiredis
21 silly lockFile b840fc02-redis redis
22 verbose addNamed [ 'hiredis', '' ]
23 verbose addNamed [ null, '' ]
24 silly lockFile dc014615-hiredis hiredis@
25 verbose lock hiredis@ C:\Users\theGevil\AppData\Roaming\npm-cache\dc014615-hiredis.lock
26 verbose addNamed [ 'redis', '' ]
27 verbose addNamed [ null, '' ]
28 silly lockFile fb3bbc27-redis redis@
29 verbose lock redis@ C:\Users\theGevil\AppData\Roaming\npm-cache\fb3bbc27-redis.lock
30 silly addNameRange { name: 'hiredis', range: '', hasData: false }
31 silly addNameRange { name: 'redis', range: '', hasData: false }
32 verbose url raw hiredis
33 verbose url resolving [ 'https://registry.npmjs.org/', './hiredis' ]
34 verbose url resolved https://registry.npmjs.org/hiredis
35 info retry registry request attempt 1 at 20:21:48
36 verbose etag "DM5YZ3SL1LHHW5BY2NZNXWBRZ"
37 http GET https://registry.npmjs.org/hiredis
38 verbose url raw redis
39 verbose url resolving [ 'https://registry.npmjs.org/', './redis' ]
40 verbose url resolved https://registry.npmjs.org/redis
41 info retry registry request attempt 1 at 20:21:48
42 verbose etag "8RYN37I0IB5XOKJJPGXPCW916"
43 http GET https://registry.npmjs.org/redis
44 http 304 https://registry.npmjs.org/hiredis
45 silly registry.get cb [ 304,
45 silly registry.get   { server: 'CouchDB/1.2.0 (Erlang OTP/R15B)',
45 silly registry.get     etag: '"DM5YZ3SL1LHHW5BY2NZNXWBRZ"',
45 silly registry.get     date: 'Fri, 17 Aug 2012 12:21:59 GMT',
45 silly registry.get     'content-length': '0' } ]
46 verbose etag hiredis from cache
47 silly addNameRange number 2 { name: 'hiredis', range: '', hasData: true }
48 silly addNameRange versions [ 'hiredis',
48 silly addNameRange   [ '0.1.0',
48 silly addNameRange     '0.1.1',
48 silly addNameRange     '0.1.2',
48 silly addNameRange     '0.1.3',
48 silly addNameRange     '0.1.4',
48 silly addNameRange     '0.1.5',
48 silly addNameRange     '0.1.6',
48 silly addNameRange     '0.1.8',
48 silly addNameRange     '0.1.9',
48 silly addNameRange     '0.1.10',
48 silly addNameRange     '0.1.12',
48 silly addNameRange     '0.1.13',
48 silly addNameRange     '0.1.14' ] ]
49 verbose addNamed [ 'hiredis', '0.1.14' ]
50 verbose addNamed [ '0.1.14', '0.1.14' ]
51 silly lockFile e9c5aa12-hiredis-0-1-14 hiredis@0.1.14
52 verbose lock hiredis@0.1.14 C:\Users\theGevil\AppData\Roaming\npm-cache\e9c5aa12-hiredis-0-1-14.lock
53 verbose read json C:\Users\theGevil\AppData\Roaming\npm-cache\hiredis\0.1.14\package\package.json
54 warn package.json hiredis@0.1.14 No README.md file found!
55 silly lockFile e9c5aa12-hiredis-0-1-14 hiredis@0.1.14
56 silly lockFile dc014615-hiredis hiredis@
57 http 304 https://registry.npmjs.org/redis
58 silly registry.get cb [ 304,
58 silly registry.get   { server: 'CouchDB/1.2.0 (Erlang OTP/R15B)',
58 silly registry.get     etag: '"8RYN37I0IB5XOKJJPGXPCW916"',
58 silly registry.get     date: 'Fri, 17 Aug 2012 12:21:59 GMT',
58 silly registry.get     'content-length': '0' } ]
59 verbose etag redis from cache
60 silly addNameRange number 2 { name: 'redis', range: '', hasData: true }
61 silly addNameRange versions [ 'redis',
61 silly addNameRange   [ '0.0.1',
61 silly addNameRange     '0.0.2',
61 silly addNameRange     '0.0.3',
61 silly addNameRange     '0.0.4',
61 silly addNameRange     '0.0.7',
61 silly addNameRange     '0.0.8',
61 silly addNameRange     '0.1.0',
61 silly addNameRange     '0.1.1',
61 silly addNameRange     '0.1.2',
61 silly addNameRange     '0.2.0',
61 silly addNameRange     '0.2.1',
61 silly addNameRange     '0.2.2',
61 silly addNameRange     '0.2.3',
61 silly addNameRange     '0.2.4',
61 silly addNameRange     '0.2.6',
61 silly addNameRange     '0.3.0',
61 silly addNameRange     '0.3.1',
61 silly addNameRange     '0.3.2',
61 silly addNameRange     '0.3.3',
61 silly addNameRange     '0.3.4',
61 silly addNameRange     '0.3.5',
61 silly addNameRange     '0.3.6',
61 silly addNameRange     '0.3.7',
61 silly addNameRange     '0.3.9',
61 silly addNameRange     '0.4.0',
61 silly addNameRange     '0.4.1',
61 silly addNameRange     '0.4.2',
61 silly addNameRange     '0.5.0',
61 silly addNameRange     '0.5.1',
61 silly addNameRange     '0.5.2',
61 silly addNameRange     '0.5.3',
61 silly addNameRange     '0.5.4',
61 silly addNameRange     '0.5.5',
61 silly addNameRange     '0.5.6',
61 silly addNameRange     '0.5.7',
61 silly addNameRange     '0.5.8',
61 silly addNameRange     '0.5.9',
61 silly addNameRange     '0.5.10',
61 silly addNameRange     '0.5.11',
61 silly addNameRange     '0.6.0',
61 silly addNameRange     '0.6.1',
61 silly addNameRange     '0.6.2',
61 silly addNameRange     '0.6.3',
61 silly addNameRange     '0.6.4',
61 silly addNameRange     '0.6.5',
61 silly addNameRange     '0.6.6',
61 silly addNameRange     '0.6.7',
61 silly addNameRange     '0.7.0',
61 silly addNameRange     '0.7.1',
61 silly addNameRange     '0.7.2' ] ]
62 verbose addNamed [ 'redis', '0.7.2' ]
63 verbose addNamed [ '0.7.2', '0.7.2' ]
64 silly lockFile b62421fe-redis-0-7-2 redis@0.7.2
65 verbose lock redis@0.7.2 C:\Users\theGevil\AppData\Roaming\npm-cache\b62421fe-redis-0-7-2.lock
66 verbose read json C:\Users\theGevil\AppData\Roaming\npm-cache\redis\0.7.2\package\package.json
67 silly lockFile b62421fe-redis-0-7-2 redis@0.7.2
68 silly lockFile fb3bbc27-redis redis@
69 silly resolved [ { name: 'hiredis',
69 silly resolved     description: 'Wrapper for reply processing code in hiredis',
69 silly resolved     version: '0.1.14',
69 silly resolved     homepage: 'http://github.com/pietern/hiredis-node',
69 silly resolved     author: { name: 'Pieter Noordhuis', email: 'pcnoordhuis@gmail.com' },
69 silly resolved     main: 'hiredis',
69 silly resolved     directories: { lib: '.' },
69 silly resolved     scripts: { preinstall: 'make || gmake', test: 'node test/reader.js' },
69 silly resolved     engines: { node: '*' },
69 silly resolved     readme: 'ERROR: No README.md file found!',
69 silly resolved     _id: 'hiredis@0.1.14',
69 silly resolved     _from: 'hiredis' },
69 silly resolved   { name: 'redis',
69 silly resolved     version: '0.7.2',
69 silly resolved     description: 'Redis client library',
69 silly resolved     author: { name: 'Matt Ranney', email: 'mjr@ranney.com' },
69 silly resolved     maintainers: [ [Object] ],
69 silly resolved     main: './index.js',
69 silly resolved     scripts: { test: 'node ./test.js' },
69 silly resolved     devDependencies: { metrics: '>=0.1.5' },
69 silly resolved     optionalDependencies: { hiredis: '*' },
69 silly resolved     repository: { type: 'git', url: 'git://github.com/mranney/node_redis.git' },
69 silly resolved     readme: 'redis - a node.js redis client\n===========================\n\nThis is a complete Redis client for node.js.  It supports all Redis commands, including many recently added commands like EVAL from\nexperimental Redis server branches.\n\n\nInstall with:\n\n    npm install redis\n    \nPieter Noordhuis has provided a binding to the official `hiredis` C library, which is non-blocking and fast.  To use `hiredis`, do:\n\n    npm install hiredis redis\n\nIf `hiredis` is installed, `node_redis` will use it by default.  Otherwise, a pure JavaScript parser will be used.\n\nIf you use `hiredis`, be sure to rebuild it whenever you upgrade your version of node.  There are mysterious failures that can\nhappen between node and native code modules after a node upgrade.\n\n\n## Usage\n\nSimple example, included as `examples/simple.js`:\n\n```js\n    var redis = require("redis"),\n        client = redis.createClient();\n\n    // if you\'d like to select database 3, instead of 0 (default), call\n    // client.select(3, function() { /* ... */ });\n\n    client.on("error", function (err) {\n        console.log("Error " + err);\n    });\n\n    client.set("string key", "string val", redis.print);\n    client.hset("hash key", "hashtest 1", "some value", redis.print);\n    client.hset(["hash key", "hashtest 2", "some other value"], redis.print);\n    client.hkeys("hash key", function (err, replies) {\n        console.log(replies.length + " replies:");\n        replies.forEach(function (reply, i) {\n            console.log("    " + i + ": " + reply);\n        });\n        client.quit();\n    });\n```\n\nThis will display:\n\n    mjr:~/work/node_redis (master)$ node example.js\n    Reply: OK\n    Reply: 0\n    Reply: 0\n    2 replies:\n        0: hashtest 1\n        1: hashtest 2\n    mjr:~/work/node_redis (master)$ \n\n\n## Performance\n\nHere are typical results of `multi_bench.js` which is similar to `redis-benchmark` from the Redis distribution.\nIt uses 50 concurrent connections with no pipelining.\n\nJavaScript parser:\n\n    PING: 20000 ops 42283.30 ops/sec 0/5/1.182\n    SET: 20000 ops 32948.93 ops/sec 1/7/1.515\n    GET: 20000 ops 28694.40 ops/sec 0/9/1.740\n    INCR: 20000 ops 39370.08 ops/sec 0/8/1.269\n    LPUSH: 20000 ops 36429.87 ops/sec 0/8/1.370\n    LRANGE (10 elements): 20000 ops 9891.20 ops/sec 1/9/5.048\n    LRANGE (100 elements): 20000 ops 1384.56 ops/sec 10/91/36.072\n\nhiredis parser:\n\n    PING: 20000 ops 46189.38 ops/sec 1/4/1.082\n    SET: 20000 ops 41237.11 ops/sec 0/6/1.210\n    GET: 20000 ops 39682.54 ops/sec 1/7/1.257\n    INCR: 20000 ops 40080.16 ops/sec 0/8/1.242\n    LPUSH: 20000 ops 41152.26 ops/sec 0/3/1.212\n    LRANGE (10 elements): 20000 ops 36563.07 ops/sec 1/8/1.363\n    LRANGE (100 elements): 20000 ops 21834.06 ops/sec 0/9/2.287\n\nThe performance of `node_redis` improves dramatically with pipelining, which happens automatically in most normal programs.\n\n\n### Sending Commands\n\nEach Redis command is exposed as a function on the `client` object.\nAll functions take either an `args` Array plus optional `callback` Function or\na variable number of individual arguments followed by an optional callback.\nHere is an example of passing an array of arguments and a callback:\n\n    client.mset(["test keys 1", "test val 1", "test keys 2", "test val 2"], function (err, res) {});\n\nHere is that same call in the second style:\n\n    client.mset("test keys 1", "test val 1", "test keys 2", "test val 2", function (err, res) {});\n    \nNote that in either form the `callback` is optional:\n\n    client.set("some key", "some val");\n    client.set(["some other key", "some val"]);\n\nFor a list of Redis commands, see [Redis Command Reference](http://redis.io/commands)\n\nThe commands can be specified in uppercase or lowercase for convenience.  `client.get()` is the same as `client.GET()`.\n\nMinimal parsing is done on the replies.  Commands that return a single line reply return JavaScript Strings, \ninteger replies return JavaScript Numbers, "bulk" replies return node Buffers, and "multi bulk" replies return a \nJavaScript Array of node Buffers.  `HGETALL` returns an Object with Buffers keyed by the hash keys.\n\n# API\n\n## Connection Events\n\n`client` will emit some events about the state of the connection to the Redis server.\n\n### "ready"\n\n`client` will emit `ready` a connection is established to the Redis server and the server reports \nthat it is ready to receive commands.  Commands issued before the `ready` event are queued, \nthen replayed just before this event is emitted.\n\n### "connect"\n\n`client` will emit `connect` at the same time as it emits `ready` unless `client.options.no_ready_check`\nis set.  If this options is set, `connect` will be emitted when the stream is connected, and then\nyou are free to try to send commands.\n\n### "error"\n\n`client` will emit `error` when encountering an error connecting to the Redis server.\n\nNote that "error" is a special event type in node.  If there are no listeners for an \n"error" event, node will exit.  This is usually what you want, but it can lead to some \ncryptic error messages like this:\n\n    mjr:~/work/node_redis (master)$ node example.js \n\n    node.js:50\n        throw e;\n        ^\n    Error: ECONNREFUSED, Connection refused\n        at IOWatcher.callback (net:870:22)\n        at node.js:607:9\n\nNot very useful in diagnosing the problem, but if your program isn\'t ready to handle this,\nit is probably the right thing to just exit.\n\n`client` will also emit `error` if an exception is thrown inside of `node_redis` for whatever reason.\nIt would be nice to distinguish these two cases.\n\n### "end"\n\n`client` will emit `end` when an established Redis server connection has closed.\n\n### "drain"\n\n`client` will emit `drain` when the TCP connection to the Redis server has been buffering, but is now\nwritable.  This event can be used to stream commands in to Redis and adapt to backpressure.  Right now,\nyou need to check `client.command_queue.length` to decide when to reduce your send rate.  Then you can \nresume sending when you get `drain`.\n\n### "idle"\n\n`client` will emit `idle` when there are no outstanding commands that are awaiting a response.\n\n## redis.createClient(port, host, options)\n\nCreate a new client connection.  `port` defaults to `6379` and `host` defaults\nto `127.0.0.1`.  If you have `redis-server` running on the same computer as node, then the defaults for\nport and host are probably fine.  `options` in an object with the following possible properties:\n\n* `parser`: which Redis protocol reply parser to use.  Defaults to `hiredis` if that module is installed.\nThis may also be set to `javascript`.\n* `return_buffers`: defaults to `false`.  If set to `true`, then all replies will be sent to callbacks as node Buffer\nobjects instead of JavaScript Strings.\n* `detect_buffers`: default to `false`. If set to `true`, then replies will be sent to callbacks as node Buffer objects\nif any of the input arguments to the original command were Buffer objects.\nThis option lets you switch between Buffers and Strings on a per-command basis, whereas `return_buffers` applies to\nevery command on a client.\n* `socket_nodelay`: defaults to `true`. Whether to call setNoDelay() on the TCP stream, which disables the\nNagle algorithm on the underlying socket.  Setting this option to `false` can result in additional throughput at the \ncost of more latency.  Most applications will want this set to `true`.\n* `no_ready_check`: defaults to `false`. When a connection is established to the Redis server, the server might still\nbe loading the database from disk.  While loading, the server not respond to any commands.  To work around this, \n`node_redis` has a "ready check" which sends the `INFO` command to the server.  The response from the `INFO` command\nindicates whether the server is ready for more commands.  When ready, `node_redis` emits a `ready` event.\nSetting `no_ready_check` to `true` will inhibit this check.\n\n```js\n    var redis = require("redis"),\n        client = redis.createClient(null, null, {detect_buffers: true});\n\n    client.set("foo_rand000000000000", "OK");\n\n    // This will return a JavaScript String\n    client.get("foo_rand000000000000", function (err, reply) {\n        console.log(reply.toString()); // Will print `OK`\n    });\n\n    // This will return a Buffer since original key is specified as a Buffer\n    client.get(new Buffer("foo_rand000000000000"), function (err, reply) {\n        console.log(reply.toString()); // Will print `<Buffer 4f 4b>`\n    });\n    client.end();\n```\n\n`createClient()` returns a `RedisClient` object that is named `client` in all of the examples here.\n\n## client.auth(password, callback)\n\nWhen connecting to Redis servers that require authentication, the `AUTH` command must be sent as the\nfirst command after connecting.  This can be tricky to coordinate with reconnections, the ready check,\netc.  To make this easier, `client.auth()` stashes `password` and will send it after each connection,\nincluding reconnections.  `callback` is invoked only once, after the response to the very first\n`AUTH` command sent.\nNOTE: Your call to `client.auth()` should not be inside the ready handler. If\nyou are doing this wrong, `client` will emit an error that looks\nsomething like this `Error: Ready check failed: ERR operation not permitted`.\n\n## client.end()\n\nForcibly close the connection to the Redis server.  Note that this does not wait until all replies have been parsed.\nIf you want to exit cleanly, call `client.quit()` to send the `QUIT` command after you have handled all replies.\n\nThis example closes the connection to the Redis server before the replies have been read.  You probably don\'t \nwant to do this:\n\n```js\n    var redis = require("redis"),\n        client = redis.createClient();\n\n    client.set("foo_rand000000000000", "some fantastic value");\n    client.get("foo_rand000000000000", function (err, reply) {\n        console.log(reply.toString());\n    });\n    client.end();\n```\n\n`client.end()` is useful for timeout cases where something is stuck or taking too long and you want \nto start over.\n\n## Friendlier hash commands\n\nMost Redis commands take a single String or an Array of Strings as arguments, and replies are sent back as a single String or an Array of Strings.\nWhen dealing with hash values, there are a couple of useful exceptions to this.\n\n### client.hgetall(hash)\n\nThe reply from an HGETALL command will be converted into a JavaScript Object by `node_redis`.  That way you can interact \nwith the responses using JavaScript syntax.\n\nExample:\n\n    client.hmset("hosts", "mjr", "1", "another", "23", "home", "1234");\n    client.hgetall("hosts", function (err, obj) {\n        console.dir(obj);\n    });\n\nOutput:\n\n    { mjr: \'1\', another: \'23\', home: \'1234\' }\n\n### client.hmset(hash, obj, [callback])\n\nMultiple values in a hash can be set by supplying an object:\n\n    client.HMSET(key2, {\n        "0123456789": "abcdefghij",\n        "some manner of key": "a type of value"\n    });\n\nThe properties and values of this Object will be set as keys and values in the Redis hash.\n\n### client.hmset(hash, key1, val1, ... keyn, valn, [callback])\n\nMultiple values may also be set by supplying a list:\n\n    client.HMSET(key1, "0123456789", "abcdefghij", "some manner of key", "a type of value");\n\n\n## Publish / Subscribe\n\nHere is a simple example of the API for publish / subscribe.  This program opens two\nclient connections, subscribes to a channel on one of them, and publishes to that \nchannel on the other:\n\n```js\n    var redis = require("redis"),\n        client1 = redis.createClient(), client2 = redis.createClient(),\n        msg_count = 0;\n\n    client1.on("subscribe", function (channel, count) {\n        client2.publish("a nice channel", "I am sending a message.");\n        client2.publish("a nice channel", "I am sending a second message.");\n        client2.publish("a nice channel", "I am sending my last message.");\n    });\n\n    client1.on("message", function (channel, message) {\n        console.log("client1 channel " + channel + ": " + message);\n        msg_count += 1;\n        if (msg_count === 3) {\n            client1.unsubscribe();\n            client1.end();\n            client2.end();\n        }\n    });\n\n    client1.incr("did a thing");\n    client1.subscribe("a nice channel");\n```\n\nWhen a client issues a `SUBSCRIBE` or `PSUBSCRIBE`, that connection is put into "pub/sub" mode.\nAt that point, only commands that modify the subscription set are valid.  When the subscription \nset is empty, the connection is put back into regular mode.\n\nIf you need to send regular commands to Redis while in pub/sub mode, just open another connection.\n\n## Pub / Sub Events\n\nIf a client has subscriptions active, it may emit these events:\n\n### "message" (channel, message)\n\nClient will emit `message` for every message received that matches an active subscription.\nListeners are passed the channel name as `channel` and the message Buffer as `message`.\n\n### "pmessage" (pattern, channel, message)\n\nClient will emit `pmessage` for every message received that matches an active subscription pattern.\nListeners are passed the original pattern used with `PSUBSCRIBE` as `pattern`, the sending channel\nname as `channel`, and the message Buffer as `message`.\n\n### "subscribe" (channel, count)\n\nClient will emit `subscribe` in response to a `SUBSCRIBE` command.  Listeners are passed the \nchannel name as `channel` and the new count of subscriptions for this client as `count`.\n\n### "psubscribe" (pattern, count) \n\nClient will emit `psubscribe` in response to a `PSUBSCRIBE` command.  Listeners are passed the\noriginal pattern as `pattern`, and the new count of subscriptions for this client as `count`.\n\n### "unsubscribe" (channel, count)\n\nClient will emit `unsubscribe` in response to a `UNSUBSCRIBE` command.  Listeners are passed the \nchannel name as `channel` and the new count of subscriptions for this client as `count`.  When\n`count` is 0, this client has left pub/sub mode and no more pub/sub events will be emitted.\n\n### "punsubscribe" (pattern, count)\n\nClient will emit `punsubscribe` in response to a `PUNSUBSCRIBE` command.  Listeners are passed the \nchannel name as `channel` and the new count of subscriptions for this client as `count`.  When\n`count` is 0, this client has left pub/sub mode and no more pub/sub events will be emitted.\n\n## client.multi([commands])\n\n`MULTI` commands are queued up until an `EXEC` is issued, and then all commands are run atomically by\nRedis.  The interface in `node_redis` is to return an individual `Multi` object by calling `client.multi()`.\n\n```js\n    var redis  = require("./index"),\n        client = redis.createClient(), set_size = 20;\n\n    client.sadd("bigset", "a member");\n    client.sadd("bigset", "another member");\n\n    while (set_size > 0) {\n        client.sadd("bigset", "member " + set_size);\n        set_size -= 1;\n    }\n\n    // multi chain with an individual callback\n    client.multi()\n        .scard("bigset")\n        .smembers("bigset")\n        .keys("*", function (err, replies) {\n            // NOTE: code in this callback is NOT atomic\n            // this only happens after the the .exec call finishes.\n            client.mget(replies, redis.print);\n        })\n        .dbsize()\n        .exec(function (err, replies) {\n            console.log("MULTI got " + replies.length + " replies");\n            replies.forEach(function (reply, index) {\n                console.log("Reply " + index + ": " + reply.toString());\n            });\n        });\n```\n\n`client.multi()` is a constructor that returns a `Multi` object.  `Multi` objects share all of the\nsame command methods as `client` objects do.  Commands are queued up inside the `Multi` object\nuntil `Multi.exec()` is invoked.\n\nYou can either chain together `MULTI` commands as in the above example, or you can queue individual\ncommands while still sending regular client command as in this example:\n\n```js\n    var redis  = require("redis"),\n        client = redis.createClient(), multi;\n\n    // start a separate multi command queue \n    multi = client.multi();\n    multi.incr("incr thing", redis.print);\n    multi.incr("incr other thing", redis.print);\n\n    // runs immediately\n    client.mset("incr thing", 100, "incr other thing", 1, redis.print);\n\n    // drains multi queue and runs atomically\n    multi.exec(function (err, replies) {\n        console.log(replies); // 101, 2\n    });\n\n    // you can re-run the same transaction if you like\n    multi.exec(function (err, replies) {\n        console.log(replies); // 102, 3\n        client.quit();\n    });\n```\n\nIn addition to adding commands to the `MULTI` queue individually, you can also pass an array \nof commands and arguments to the constructor:\n\n```js\n    var redis  = require("redis"),\n        client = redis.createClient(), multi;\n\n    client.multi([\n        ["mget", "multifoo", "multibar", redis.print],\n        ["incr", "multifoo"],\n        ["incr", "multibar"]\n    ]).exec(function (err, replies) {\n        console.log(replies);\n    });\n```\n\n\n## Monitor mode\n\nRedis supports the `MONITOR` command, which lets you see all commands received by the Redis server\nacross all client connections, including from other client libraries and other computers.\n\nAfter you send the `MONITOR` command, no other commands are valid on that connection.  `node_redis`\nwill emit a `monitor` event for every new monitor message that comes across.  The callback for the \n`monitor` event takes a timestamp from the Redis server and an array of command arguments.\n\nHere is a simple example:\n\n```js\n    var client  = require("redis").createClient(),\n        util = require("util");\n\n    client.monitor(function (err, res) {\n        console.log("Entering monitoring mode.");\n    });\n\n    client.on("monitor", function (time, args) {\n        console.log(time + ": " + util.inspect(args));\n    });\n```\n\n# Extras\n\nSome other things you might like to know about.\n\n## client.server_info\n\nAfter the ready probe completes, the results from the INFO command are saved in the `client.server_info` \nobject.\n\nThe `versions` key contains an array of the elements of the version string for easy comparison.\n\n    > client.server_info.redis_version\n    \'2.3.0\'\n    > client.server_info.versions\n    [ 2, 3, 0 ]\n\n## redis.print()\n\nA handy callback function for displaying return values when testing.  Example:\n\n```js\n    var redis = require("redis"),\n        client = redis.createClient();\n\n    client.on("connect", function () {\n        client.set("foo_rand000000000000", "some fantastic value", redis.print);\n        client.get("foo_rand000000000000", redis.print);\n    });\n```\n\nThis will print:\n\n    Reply: OK\n    Reply: some fantastic value\n\nNote that this program will not exit cleanly because the client is still connected.\n\n## redis.debug_mode\n\nBoolean to enable debug mode and protocol tracing.\n\n```js\n    var redis = require("redis"),\n        client = redis.createClient();\n\n    redis.debug_mode = true;\n\n    client.on("connect", function () {\n        client.set("foo_rand000000000000", "some fantastic value");\n    });\n```\n\nThis will display:\n\n    mjr:~/work/node_redis (master)$ node ~/example.js \n    send command: *3\n    $3\n    SET\n    $20\n    foo_rand000000000000\n    $20\n    some fantastic value\n\n    on_data: +OK\n\n`send command` is data sent into Redis and `on_data` is data received from Redis.\n\n## client.send_command(command_name, args, callback)\n\nUsed internally to send commands to Redis.  For convenience, nearly all commands that are published on the Redis \nWiki have been added to the `client` object.  However, if I missed any, or if new commands are introduced before\nthis library is updated, you can use `send_command()` to send arbitrary commands to Redis.\n\nAll commands are sent as multi-bulk commands.  `args` can either be an Array of arguments, or omitted.\n\n## client.connected\n\nBoolean tracking the state of the connection to the Redis server.\n\n## client.command_queue.length\n\nThe number of commands that have been sent to the Redis server but not yet replied to.  You can use this to \nenforce some kind of maximum queue depth for commands while connected.\n\nDon\'t mess with `client.command_queue` though unless you really know what you are doing.\n\n## client.offline_queue.length\n\nThe number of commands that have been queued up for a future connection.  You can use this to enforce\nsome kind of maximum queue depth for pre-connection commands.\n\n## client.retry_delay\n\nCurrent delay in milliseconds before a connection retry will be attempted.  This starts at `250`.\n\n## client.retry_backoff\n\nMultiplier for future retry timeouts.  This should be larger than 1 to add more time between retries.\nDefaults to 1.7.  The default initial connection retry is 250, so the second retry will be 425, followed by 723.5, etc.\n\n\n## TODO\n\nBetter tests for auth, disconnect/reconnect, and all combinations thereof.\n\nStream large set/get values into and out of Redis.  Otherwise the entire value must be in node\'s memory.\n\nPerformance can be better for very large values.\n\nI think there are more performance improvements left in there for smaller values, especially for large lists of small values.\n\n## Contributors\n\nSome people have have added features and fixed bugs in `node_redis` other than me.\n\nIn alphabetical order, they are:\n\n* [Aivo Paas](https://github.com/aivopaas)\n* [Andy Ray](https://github.com/DelvarWorld)\n* Daniele\n* [Dave Hoover](https://github.com/redsquirrel)\n* [David Trejo](https://github.com/DTrejo)\n* Dayananda Nanjundappa\n* [Felix Geisendörfer](https://github.com/felixge)\n* [Hank Sims](https://github.com/hanksims)\n* [Ian Babrou](https://github.com/bobrik)\n* [Isaac Z. Schlueter](https://github.com/isaacs)\n* [Louis-Philippe Perron](https://github.com/lp)\n* [Maksim Lin](https://github.com/maks)\n* [Marcus Westin](https://github.com/marcuswestin)\n* [Mark Dawson](https://github.com/markdaws)\n* [Nithesh Chandra Gupta Mittapally](https://github.com/nithesh)\n* [Orion Henry](https://github.com/orionz)\n* [Owen Smith](https://github.com/orls)\n* [Paul Carey](https://github.com/paulcarey)\n* [Philip Tellis](https://github.com/bluesmoon)\n* [Pieter Noordhuis](https://github.com/pietern)\n* [Rick Olson](https://github.com/technoweenie)\n* [Tim Smart](https://github.com/Tim-Smart)\n* [TJ Holowaychuk](https://github.com/visionmedia)\n* [Umair Siddique](https://github.com/umairsiddique)\n* [Vladimir Dronnikov](https://github.com/dvv)\n* [Zachary Scott](https://github.com/zzak)\n\nThanks.\n\n## LICENSE - "MIT License"\n\nCopyright (c) 2010 Matthew Ranney, http://ranney.com/\n\nPermission is hereby granted, free of charge, to any person\nobtaining a copy of this software and associated documentation\nfiles (the "Software"), to deal in the Software without\nrestriction, including without limitation the rights to use,\ncopy, modify, merge, publish, distribute, sublicense, and/or sell\ncopies of the Software, and to permit persons to whom the\nSoftware is furnished to do so, subject to the following\nconditions:\n\nThe above copyright notice and this permission notice shall be\nincluded in all copies or substantial portions of the Software.\n\nTHE SOFTWARE IS PROVIDED "AS IS", WITHOUT WARRANTY OF ANY KIND,\nEXPRESS OR IMPLIED, INCLUDING BUT NOT LIMITED TO THE WARRANTIES\nOF MERCHANTABILITY, FITNESS FOR A PARTICULAR PURPOSE AND\nNONINFRINGEMENT. IN NO EVENT SHALL THE AUTHORS OR COPYRIGHT\nHOLDERS BE LIABLE FOR ANY CLAIM, DAMAGES OR OTHER LIABILITY,\nWHETHER IN AN ACTION OF CONTRACT, TORT OR OTHERWISE, ARISING\nFROM, OUT OF OR IN CONNECTION WITH THE SOFTWARE OR THE USE OR\nOTHER DEALINGS IN THE SOFTWARE.\n\n![spacer](http://ranney.com/1px.gif)\n',
69 silly resolved     _id: 'redis@0.7.2',
69 silly resolved     dependencies: { hiredis: '*' },
69 silly resolved     _from: 'redis' } ]
70 info install hiredis@0.1.14 into C:\Users\theGevil\Desktop\rote\rote
71 info install redis@0.7.2 into C:\Users\theGevil\Desktop\rote\rote
72 info installOne hiredis@0.1.14
73 info installOne redis@0.7.2
74 verbose from cache C:\Users\theGevil\AppData\Roaming\npm-cache\hiredis\0.1.14\package\package.json
75 info C:\Users\theGevil\Desktop\rote\rote\node_modules\hiredis unbuild
76 verbose read json C:\Users\theGevil\Desktop\rote\rote\node_modules\hiredis\package.json
77 verbose from cache C:\Users\theGevil\AppData\Roaming\npm-cache\redis\0.7.2\package\package.json
78 info C:\Users\theGevil\Desktop\rote\rote\node_modules\redis unbuild
79 verbose from cache C:\Users\theGevil\Desktop\rote\rote\node_modules\redis\package.json
80 info preuninstall redis@0.7.2
81 verbose tar unpack C:\Users\theGevil\AppData\Roaming\npm-cache\hiredis\0.1.14\package.tgz
82 silly lockFile 8b7df9af-p-rote-rote-node-modules-hiredis C:\Users\theGevil\Desktop\rote\rote\node_modules\hiredis
83 verbose lock C:\Users\theGevil\Desktop\rote\rote\node_modules\hiredis C:\Users\theGevil\AppData\Roaming\npm-cache\8b7df9af-p-rote-rote-node-modules-hiredis.lock
84 info uninstall redis@0.7.2
85 verbose true,C:\Users\theGevil\Desktop\rote\rote\node_modules,C:\Users\theGevil\Desktop\rote\rote\node_modules unbuild redis@0.7.2
86 info postuninstall redis@0.7.2
87 silly gunzTarPerm modes [ '777', '666' ]
88 silly gunzTarPerm extractEntry package.json
89 silly gunzTarPerm extractEntry README
90 silly gunzTarPerm extractEntry bench.js
91 silly gunzTarPerm extractEntry hiredis.js
92 silly gunzTarPerm extractEntry parser_bench.js
93 silly gunzTarPerm extractEntry Makefile
94 silly gunzTarPerm extractEntry deps/hiredis/README.md
95 silly gunzTarPerm extractEntry deps/hiredis/example.c
96 silly gunzTarPerm extractEntry deps/hiredis/async.h
97 silly gunzTarPerm extractEntry deps/hiredis/CHANGELOG.md
98 silly gunzTarPerm extractEntry deps/hiredis/COPYING
99 silly gunzTarPerm extractEntry deps/hiredis/dict.c
100 silly gunzTarPerm extractEntry deps/hiredis/dict.h
101 silly gunzTarPerm extractEntry deps/hiredis/example-ae.c
102 silly gunzTarPerm extractEntry deps/hiredis/example-libev.c
103 silly gunzTarPerm extractEntry deps/hiredis/example-libevent.c
104 silly gunzTarPerm extractEntry deps/hiredis/async.c
105 silly gunzTarPerm extractEntry deps/hiredis/fmacros.h
106 silly gunzTarPerm extractEntry deps/hiredis/hiredis.c
107 silly gunzTarPerm extractEntry deps/hiredis/hiredis.h
108 silly gunzTarPerm extractEntry deps/hiredis/Makefile
109 silly gunzTarPerm extractEntry deps/hiredis/net.c
110 silly gunzTarPerm extractEntry deps/hiredis/net.h
111 silly gunzTarPerm extractEntry deps/hiredis/adapters/ae.h
112 verbose tar unpack C:\Users\theGevil\AppData\Roaming\npm-cache\redis\0.7.2\package.tgz
113 silly lockFile 20f4605f-top-rote-rote-node-modules-redis C:\Users\theGevil\Desktop\rote\rote\node_modules\redis
114 verbose lock C:\Users\theGevil\Desktop\rote\rote\node_modules\redis C:\Users\theGevil\AppData\Roaming\npm-cache\20f4605f-top-rote-rote-node-modules-redis.lock
115 silly gunzTarPerm extractEntry deps/hiredis/adapters/libev.h
116 silly gunzTarPerm extractEntry deps/hiredis/adapters/libevent.h
117 silly gunzTarPerm modes [ '777', '666' ]
118 silly gunzTarPerm extractEntry deps/hiredis/sds.c
119 silly gunzTarPerm extractEntry deps/hiredis/sds.h
120 silly gunzTarPerm extractEntry deps/hiredis/test.c
121 silly gunzTarPerm extractEntry reader.cc
122 silly gunzTarPerm extractEntry reader.h
123 silly gunzTarPerm extractEntry hiredis.cc
124 silly gunzTarPerm extractEntry package.json
125 silly gunzTarPerm extractEntry test/reader.js
126 silly gunzTarPerm extractEntry wscript
127 silly gunzTarPerm extractEntry .npmignore
128 silly gunzTarPerm extractEntry README.md
129 silly gunzTarPerm extractEntry generate_commands.js
130 silly gunzTarPerm extractEntry index.js
131 silly gunzTarPerm extractEntry multi_bench.js
132 silly gunzTarPerm extractEntry test.js
133 silly gunzTarPerm extractEntry examples/auth.js
134 silly gunzTarPerm extractEntry examples/mget.js
135 silly gunzTarPerm extractEntry examples/monitor.js
136 silly gunzTarPerm extractEntry examples/multi.js
137 silly gunzTarPerm extractEntry examples/file.js
138 silly gunzTarPerm extractEntry examples/psubscribe.js
139 silly gunzTarPerm extractEntry examples/pub_sub.js
140 silly gunzTarPerm extractEntry examples/simple.js
141 silly gunzTarPerm extractEntry examples/sort.js
142 silly gunzTarPerm extractEntry examples/subqueries.js
143 silly gunzTarPerm extractEntry examples/extend.js
144 silly gunzTarPerm extractEntry examples/subquery.js
145 silly gunzTarPerm extractEntry examples/eval.js
146 silly gunzTarPerm extractEntry examples/unix_socket.js
147 silly gunzTarPerm extractEntry examples/backpressure_drain.js
148 silly gunzTarPerm extractEntry examples/web_server.js
149 silly gunzTarPerm extractEntry examples/multi2.js
150 silly gunzTarPerm extractEntry changelog.md
151 silly gunzTarPerm extractEntry tests/buffer_bench.js
152 silly gunzTarPerm extractEntry tests/hiredis_parser.js
153 silly gunzTarPerm extractEntry tests/reconnect_test.js
154 silly gunzTarPerm extractEntry tests/re_sub_test.js
155 silly gunzTarPerm extractEntry tests/sub_quit_test.js
156 silly gunzTarPerm extractEntry tests/stress/codec.js
157 silly gunzTarPerm extractEntry tests/stress/pubsub/pub.js
158 silly gunzTarPerm extractEntry tests/stress/pubsub/server.js
159 silly gunzTarPerm extractEntry tests/stress/pubsub/run
160 silly gunzTarPerm extractEntry tests/stress/rpushblpop/pub.js
161 silly gunzTarPerm extractEntry tests/stress/rpushblpop/server.js
162 silly gunzTarPerm extractEntry tests/stress/rpushblpop/run
163 silly gunzTarPerm extractEntry tests/stress/speed/speed.js
164 silly gunzTarPerm extractEntry tests/stress/speed/00
165 silly gunzTarPerm extractEntry tests/stress/speed/plot
166 silly gunzTarPerm extractEntry tests/stress/speed/size-rate.png
167 silly gunzTarPerm extractEntry lib/commands.js
168 silly gunzTarPerm extractEntry lib/queue.js
169 silly gunzTarPerm extractEntry lib/to_array.js
170 silly gunzTarPerm extractEntry lib/util.js
171 silly gunzTarPerm extractEntry lib/parser/hiredis.js
172 silly gunzTarPerm extractEntry lib/parser/javascript.js
173 verbose read json C:\Users\theGevil\Desktop\rote\rote\node_modules\hiredis\package.json
174 silly lockFile 8b7df9af-p-rote-rote-node-modules-hiredis C:\Users\theGevil\Desktop\rote\rote\node_modules\hiredis
175 info preinstall hiredis@0.1.14
176 verbose unsafe-perm in lifecycle true
177 silly exec cmd "/c" "make || gmake"
178 silly cmd,/c,make || gmake,C:\Users\theGevil\Desktop\rote\rote\node_modules\hiredis spawning
179 info hiredis@0.1.14 Failed to exec preinstall script
180 info C:\Users\theGevil\Desktop\rote\rote\node_modules\hiredis unbuild
181 verbose from cache C:\Users\theGevil\Desktop\rote\rote\node_modules\hiredis\package.json
182 info preuninstall hiredis@0.1.14
183 info uninstall hiredis@0.1.14
184 verbose true,C:\Users\theGevil\Desktop\rote\rote\node_modules,C:\Users\theGevil\Desktop\rote\rote\node_modules unbuild hiredis@0.1.14
185 info postuninstall hiredis@0.1.14
186 error hiredis@0.1.14 preinstall: `make || gmake`
186 error `cmd "/c" "make || gmake"` failed with 1
187 error Failed at the hiredis@0.1.14 preinstall script.
187 error This is most likely a problem with the hiredis package,
187 error not with npm itself.
187 error Tell the author that this fails on your system:
187 error     make || gmake
187 error You can get their info via:
187 error     npm owner ls hiredis
187 error There is likely additional logging output above.
188 error System Windows_NT 6.1.7601
189 error command "C:\\Program Files (x86)\\nodejs\\\\node.exe" "C:\\Program Files (x86)\\nodejs\\node_modules\\npm\\bin\\npm-cli.js" "install" "hiredis" "redis"
190 error cwd C:\Users\theGevil\Desktop\rote\rote
191 error node -v v0.8.7
192 error npm -v 1.1.49
193 error code ELIFECYCLE
194 verbose exit [ 1, true ]
